<?xml version="1.0" encoding="UTF-8"?>
<testng-results skipped="0" failed="0" ignored="0" total="1" passed="1">
  <reporter-output>
  </reporter-output>
  <suite name="Default suite" duration-ms="66" started-at="2021-07-03T09:02:48Z" finished-at="2021-07-03T09:02:48Z">
    <groups>
    </groups>
    <test name="Default test" duration-ms="66" started-at="2021-07-03T09:02:48Z" finished-at="2021-07-03T09:02:48Z">
      <class name="javaQuestions.SumOfElementsinArray">
        <test-method status="PASS" signature="SumElements()[pri:0, instance:javaQuestions.SumOfElementsinArray@c5975d09]" name="SumElements" duration-ms="25" started-at="2021-07-03T14:32:48Z" finished-at="2021-07-03T14:32:48Z">
          <reporter-output>
          </reporter-output>
        </test-method> <!-- SumElements -->
      </class> <!-- javaQuestions.SumOfElementsinArray -->
    </test> <!-- Default test -->
  </suite> <!-- Default suite -->
</testng-results>
