<?xml version="1.0" encoding="UTF-8"?>
<!-- Generated by org.testng.reporters.JUnitXMLReporter -->
<testsuite hostname="LAPTOP-Q7E6F0R0" ignored="0" name="Test" tests="3" failures="0" timestamp="27 Nov 2020 16:38:17 GMT" time="0.067" errors="0">
  <testcase name="Test2" time="0.02" classname="com.TestNGDemo.TestNGListnerTests"/>
  <testcase name="Test3" time="0.003" classname="com.TestNGDemo.TestNGListnerTests"/>
  <testcase name="Test4" time="0.004" classname="com.TestNGDemo.TestNGListnerTests"/>
</testsuite> <!-- Test -->
