<?xml version="1.0" encoding="UTF-8"?>
<testng-results skipped="0" failed="0" ignored="0" total="1" passed="1">
  <reporter-output>
  </reporter-output>
  <suite name="Default suite" duration-ms="47" started-at="2020-12-23T04:56:23Z" finished-at="2020-12-23T04:56:23Z">
    <groups>
    </groups>
    <test name="Default test" duration-ms="47" started-at="2020-12-23T04:56:23Z" finished-at="2020-12-23T04:56:23Z">
      <class name="UnitTest.DemoProgramTests">
        <test-method status="PASS" signature="Test1()[pri:0, instance:UnitTest.DemoProgramTests@5eb4ee4f]" name="Test1" duration-ms="15" started-at="2020-12-23T10:26:23Z" finished-at="2020-12-23T10:26:23Z">
          <reporter-output>
          </reporter-output>
        </test-method> <!-- Test1 -->
      </class> <!-- UnitTest.DemoProgramTests -->
    </test> <!-- Default test -->
  </suite> <!-- Default suite -->
</testng-results>
