<?xml version="1.0" encoding="UTF-8"?>
<testng-results skipped="0" failed="0" ignored="0" total="1" passed="1">
  <reporter-output>
  </reporter-output>
  <suite name="Default suite" duration-ms="4240" started-at="2021-01-26T07:43:43Z" finished-at="2021-01-26T07:43:47Z">
    <groups>
    </groups>
    <test name="Default test" duration-ms="4240" started-at="2021-01-26T07:43:43Z" finished-at="2021-01-26T07:43:47Z">
      <class name="com.Tests.GetResponseJSON">
        <test-method status="PASS" signature="GetHeaderTest()[pri:0, instance:com.Tests.GetResponseJSON@b922b92b]" name="GetHeaderTest" duration-ms="4201" started-at="2021-01-26T07:43:43Z" finished-at="2021-01-26T07:43:47Z">
          <reporter-output>
          </reporter-output>
        </test-method> <!-- GetHeaderTest -->
      </class> <!-- com.Tests.GetResponseJSON -->
    </test> <!-- Default test -->
  </suite> <!-- Default suite -->
</testng-results>
