<?xml version="1.0" encoding="UTF-8"?>
<testsuite xmlns:xsi="http://www.w3.org/2001/XMLSchema-instance" xsi:noNamespaceSchemaLocation="https://maven.apache.org/surefire/maven-surefire-plugin/xsd/surefire-test-report-3.0.xsd" version="3.0" name="UnitTest.DemoProgramTests" time="1.419" tests="2" errors="0" skipped="0" failures="0">
  <properties>
[...]
</properties>
  <testcase name="NegativeTest" classname="UnitTest.DemoProgramTests" time="0.015">
    <system-out><![CDATA[App is fine
]]></system-out>
  </testcase>
  <testcase name="PositiveTest" classname="UnitTest.DemoProgramTests" time="0">
    <system-out><![CDATA[App works fine
]]></system-out>
  </testcase>
</testsuite>